C:\Program Files (x86)\Microsoft Visual Studio\2017\Enterprise\Common7\IDE\VC\VCTargets\Microsoft.CppBuild.targets(373,5): warning MSB8004: Output Directory does not end with a trailing slash.  This build instance will add the slash as it is required to allow proper evaluation of the Output Directory.
  StdAfx.cpp
  zzzmathlib.cpp
  zzzitem.cpp
  WzUdp.cpp
  wsJoinServerCli.cpp
  wsGameServer.cpp
  winutil.cpp
  WhisperCash.cpp
  Weapon.cpp
  ViewportGuild.cpp
  user.cpp
  Unicode.cpp
  TUnionInfo.cpp
  TUnion.cpp
  TSync.cpp
  TNotice.cpp
  TheftEvent.cpp
  Teleport.cpp
  Steel.cpp
  StatMng.cpp
  SProtocol.cpp
  Generating Code...
  Compiling...
  Speed.cpp
  SobreEvent.cpp
  SkillHitBox.cpp
  SkillDelay.cpp
  SkillAdditionInfo.cpp
  SimpleModulus.cpp
  Silver.cpp
  Shop.cpp
  Setting.cpp
  SetItemOption.cpp
  SetItemMacro.cpp
  Roleta.cpp
  RingAttackEvent.cpp
  Reset.cpp
  Rank.cpp
  RaffleEvent.cpp
  QuizEvent.cpp
  QuestInfo.cpp
  Quest.cpp
  Querys.cpp
  Generating Code...
  Compiling...
  protocol.cpp
  Potion.cpp
  Pick.cpp
  PegaEvent.cpp
  PartyClass.cpp
  PacketCheckSum.cpp
  Optimize.cpp
  ObjUseSkill.cpp
  ObjCalCharacter.cpp
  ObjBotStore.cpp
  ObjBaseAttack.cpp
  ObjAttack.cpp
  NSerialCheck.cpp
  NpcTalk.cpp
  News.cpp
  MyWinsockBase.cpp
  MuMsg.cpp
  MultiCheckSum.cpp
  MultiAttackHackCheck.cpp
  MoveCommand.cpp
  Generating Code...
  Compiling...
  MoveCheck.cpp
  MonsterSetBase.cpp
  MonsterItemMng.cpp
  MonsterHerd.cpp
  MonsterAttr.cpp
  Message.cpp
  Mercenary.cpp
  Master.cpp
  MapServerManager.cpp
  MapItem.cpp
  MapClass.cpp
  Manager.cpp
  MagicInf.cpp
  MagicDamage.cpp
  LogProc.cpp
  LifeStone.cpp
  LargeRand.cpp
  KalimaGate.cpp
  JewelMixSystem.cpp
  ItemBagEx.cpp
  Generating Code...
  Compiling...
  ItemBag.cpp
  IpCache.cpp
  HappyEvent.cpp
  GuildClass.cpp
  GuardianStatue.cpp
  Guardian.cpp
  gObjMonster.cpp
  GMMng.cpp
  giocp.cpp
  Gate.cpp
  GameServer.cpp
  GameMain.cpp
  Functions.cpp
  Load.cpp
  License.cpp
  Golden.cpp
  Flood.cpp
  EventManagement.cpp
  Event.cpp
  EledoradoEvent.cpp
  Generating Code...
  Compiling...
  EDSProtocol.cpp
  DuelEvent.cpp
  Duel.cpp
  DSProtocol.cpp
  Dropping.cpp
  DragonEvent.cpp
  Display.cpp
  Disconnect.cpp
  DevilSquareGround.cpp
  DevilSquare.cpp
  DeathEvent.cpp
  DBSockMng.cpp
  Database.cpp
  DarkSpirit.cpp
  CWhatsUpDummyServer.cpp
  Connect.cpp
  ComboAttack.cpp
  Command.cpp
  Collector.cpp
  CoinEvent.cpp
  Generating Code...
  Compiling...
  classdef.cpp
  ChaosCastle.cpp
  ChaosBox.cpp
  CastleSiegeSync.cpp
  CastleSiege.cpp
  CastleDeepEvent.cpp
  CastleCrownSwitch.cpp
  CastleCrown.cpp
  ChaosEvent.cpp
  CannonTower.cpp
  Buffs.cpp
  BossEvent.cpp
  BloodCastle.cpp
  BloodEvent.cpp
  BattleSoccerManager.cpp
  BattleSoccer.cpp
  BattleGround.cpp
  Character.cpp
  Bronze.cpp
  Bonus.cpp
  Generating Code...
  Compiling...
  Black.cpp
  Bank.cpp
  Balancer.cpp
  Authority.cpp
  AttackEvent.cpp
  Attack.cpp
  Generating Code...
  GameServer.vcxproj -> C:\MuServer\GameServer\GameServer.exe
  GameServer.vcxproj -> C:\MuServer\GameServer\GameServer.pdb (Partial PDB)
