c:\users\amaral\documents\github\1.1t\main_ex001\main\debug\vc141.pdb
c:\users\amaral\documents\github\1.1t\main_ex001\main\debug\vc141.idb
c:\users\amaral\documents\github\1.1t\main_ex001\main\debug\model.obj
c:\users\amaral\documents\github\1.1t\main_ex001\main\debug\models.obj
c:\users\amaral\documents\github\1.1t\main_ex001\main\debug\petsmanager.obj
c:\users\amaral\documents\github\1.1t\main_ex001\main\debug\playersystem.obj
c:\users\amaral\documents\github\1.1t\main_ex001\main\debug\protect.obj
c:\users\amaral\documents\github\1.1t\main_ex001\main\debug\rightclick.obj
c:\users\amaral\documents\github\1.1t\main_ex001\main\debug\selectchar.obj
c:\users\amaral\documents\github\1.1t\main_ex001\main\debug\smoke.obj
c:\users\amaral\documents\github\1.1t\main_ex001\main\debug\texture.obj
c:\users\amaral\documents\github\1.1t\main_ex001\main\debug\principal.obj
c:\users\amaral\documents\github\1.1t\main_ex001\main\debug\functions.obj
c:\users\amaral\documents\github\1.1t\main_ex001\main\debug\janela.obj
c:\users\amaral\documents\github\1.1t\main_ex001\main\debug\protocol.obj
c:\users\amaral\documents\github\1.1t\main_ex001\main\debug\title.obj
c:\users\amaral\documents\github\1.1t\main_ex001\main\debug\traymode.obj
c:\users\amaral\documents\github\1.1t\main_ex001\main\debug\user.obj
c:\users\amaral\documents\github\1.1t\main_ex001\main\debug\visual.obj
c:\users\amaral\documents\github\1.1t\main_ex001\main\debug\window.obj
c:\users\amaral\documents\github\1.1t\main_ex001\main\debug\wingmanager.obj
c:\users\amaral\documents\github\1.1t\main_ex001\main\debug\wings.obj
c:\users\amaral\documents\github\1.1t\main_ex001\main\debug\customitem.obj
c:\users\amaral\documents\github\1.1t\main_ex001\main\debug\customjewel.obj
c:\users\amaral\documents\github\1.1t\main_ex001\main\debug\customwing.obj
c:\users\amaral\documents\github\1.1t\main_ex001\main\debug\drawuserinfo.obj
c:\users\amaral\documents\github\1.1t\main_ex001\main\debug\effects.obj
c:\users\amaral\documents\github\1.1t\main_ex001\main\debug\encode.obj
c:\users\amaral\documents\github\1.1t\main_ex001\main\debug\features99z.obj
c:\users\amaral\documents\github\1.1t\main_ex001\main\debug\glowmanager.obj
c:\users\amaral\documents\github\1.1t\main_ex001\main\debug\interface.obj
c:\users\amaral\documents\github\1.1t\main_ex001\main\debug\interface2.obj
c:\users\amaral\documents\github\1.1t\main_ex001\main\debug\camera.obj
c:\users\amaral\documents\github\1.1t\main_ex001\main\debug\dllmain.obj
c:\users\amaral\documents\github\1.1t\main_ex001\main\debug\hpbar.obj
c:\users\amaral\documents\github\1.1t\main_ex001\main\debug\itemdescription.obj
c:\users\amaral\documents\github\1.1t\main_ex001\main\debug\itemmanager.obj
c:\users\amaral\documents\github\1.1t\main_ex001\main\debug\itemsetoption.obj
c:\users\amaral\documents\github\1.1t\main_ex001\main\debug\itemview.obj
c:\users\amaral\documents\github\1.1t\main_ex001\main\debug\makepreviewcharset.obj
c:\users\amaral\documents\github\1.1t\main_ex001\main\debug\mathlib.obj
c:\users\amaral\documents\github\1.1t\main_ex001\main\debug\minimap.obj
c:\users\amaral\documents\github\1.1t\main_ex001\main\debug\bow.obj
c:\users\amaral\documents\github\1.1t\main_ex001\main\debug\crc.obj
c:\users\amaral\documents\github\1.1t\main_ex001\main\debug\custombow.obj
c:\users\amaral\documents\github\1.1t\main_ex001\debug\main.dll
c:\users\amaral\documents\github\1.1t\main_ex001\debug\main.ilk
c:\users\amaral\documents\github\1.1t\main_ex001\debug\main.pdb
c:\users\amaral\documents\github\1.1t\main_ex001\debug\main.lib
c:\users\amaral\documents\github\1.1t\main_ex001\debug\main.exp
c:\users\amaral\documents\github\1.1t\main_ex001\main\debug\main.res
c:\users\amaral\documents\github\1.1t\main_ex001\main\debug\main.tlog\cl.command.1.tlog
c:\users\amaral\documents\github\1.1t\main_ex001\main\debug\main.tlog\cl.read.1.tlog
c:\users\amaral\documents\github\1.1t\main_ex001\main\debug\main.tlog\cl.write.1.tlog
c:\users\amaral\documents\github\1.1t\main_ex001\main\debug\main.tlog\link.13680.delete.1.tlog
c:\users\amaral\documents\github\1.1t\main_ex001\main\debug\main.tlog\link.command.1.tlog
c:\users\amaral\documents\github\1.1t\main_ex001\main\debug\main.tlog\link.delete.1.tlog
c:\users\amaral\documents\github\1.1t\main_ex001\main\debug\main.tlog\link.read.1.tlog
c:\users\amaral\documents\github\1.1t\main_ex001\main\debug\main.tlog\link.write.1.tlog
c:\users\amaral\documents\github\1.1t\main_ex001\main\debug\main.tlog\main.write.1u.tlog
c:\users\amaral\documents\github\1.1t\main_ex001\main\debug\main.tlog\rc.command.1.tlog
c:\users\amaral\documents\github\1.1t\main_ex001\main\debug\main.tlog\rc.read.1.tlog
c:\users\amaral\documents\github\1.1t\main_ex001\main\debug\main.tlog\rc.write.1.tlog
